0 verbose cli /opt/homebrew/Cellar/node/24.4.1/bin/node /opt/homebrew/lib/node_modules/npm/bin/npm-cli.js
1 info using npm@11.4.2
2 info using node@v24.4.1
3 silly config load:file:/opt/homebrew/lib/node_modules/npm/npmrc
4 silly config load:file:/Users/id31500/Development/CryptoProjects/GhostBidFHE/ghostbid/.npmrc
5 silly config load:file:/opt/homebrew/etc/npmrc
6 verbose title npm exec hardhat compile
7 verbose argv "exec" "--" "hardhat" "compile"
8 verbose logfile logs-max:10 dir:/Users/id31500/Development/CryptoProjects/GhostBidFHE/ghostbid/.npm/_logs/2025-11-19T17_17_37_054Z-
9 verbose logfile /Users/id31500/Development/CryptoProjects/GhostBidFHE/ghostbid/.npm/_logs/2025-11-19T17_17_37_054Z-debug-0.log
10 silly logfile done cleaning log files
11 http fetch GET 200 https://registry.npmjs.org/npm 4673ms
12 verbose cwd /Users/id31500/Development/CryptoProjects/GhostBidFHE/ghostbid
13 verbose os Darwin 25.0.0
14 verbose node v24.4.1
15 verbose npm  v11.4.2
16 notice
16 notice New minor version of npm available! 11.4.2 -> 11.6.2
16 notice Changelog: https://github.com/npm/cli/releases/tag/v11.6.2
16 notice To update run: npm install -g npm@11.6.2
16 notice  { force: true, Symbol(proc-log.meta): true }
17 verbose exit 0
18 info ok
