0 verbose cli /opt/homebrew/Cellar/node/24.4.1/bin/node /opt/homebrew/bin/npm
1 info using npm@11.4.2
2 info using node@v24.4.1
3 silly config load:file:/opt/homebrew/lib/node_modules/npm/npmrc
4 silly config load:file:/Users/id31500/Development/CryptoProjects/GhostBidFHE/ghostbid/frontend/.npmrc
5 silly config load:file:/Users/id31500/Development/CryptoProjects/GhostBidFHE/ghostbid/.npmrc
6 silly config load:file:/opt/homebrew/etc/npmrc
7 verbose title npm install
8 verbose argv "install"
9 verbose logfile logs-max:10 dir:/Users/id31500/Development/CryptoProjects/GhostBidFHE/ghostbid/.npm/_logs/2025-11-19T17_21_37_712Z-
10 verbose logfile /Users/id31500/Development/CryptoProjects/GhostBidFHE/ghostbid/.npm/_logs/2025-11-19T17_21_37_712Z-debug-0.log
11 silly logfile done cleaning log files
12 silly packumentCache heap:4496293888 maxSize:1124073472 maxEntrySize:562036736
13 silly idealTree buildDeps
14 silly fetch manifest @zama-fhe/relayer-sdk@^0.3.0-5
15 silly packumentCache full:https://registry.npmjs.org/@zama-fhe%2frelayer-sdk cache-miss
16 http fetch GET 200 https://registry.npmjs.org/@zama-fhe%2frelayer-sdk 782ms (cache miss)
17 silly packumentCache full:https://registry.npmjs.org/@zama-fhe%2frelayer-sdk set size:undefined disposed:false
18 silly placeDep ROOT @zama-fhe/relayer-sdk@0.3.0-5 OK for: ghostbid-frontend@0.1.0 want: ^0.3.0-5
19 silly fetch manifest commander@^14.0.0
20 silly packumentCache full:https://registry.npmjs.org/commander cache-miss
21 silly fetch manifest fetch-retry@^6.0.0
22 silly packumentCache full:https://registry.npmjs.org/fetch-retry cache-miss
23 silly fetch manifest keccak@^3.0.4
24 silly packumentCache full:https://registry.npmjs.org/keccak cache-miss
25 silly fetch manifest node-tfhe@1.4.0-alpha.3
26 silly packumentCache full:https://registry.npmjs.org/node-tfhe cache-miss
27 silly fetch manifest node-tkms@^0.12.0
28 silly packumentCache full:https://registry.npmjs.org/node-tkms cache-miss
29 silly fetch manifest tfhe@1.4.0-alpha.3
30 silly packumentCache full:https://registry.npmjs.org/tfhe cache-miss
31 silly fetch manifest tkms@^0.12.0
32 silly packumentCache full:https://registry.npmjs.org/tkms cache-miss
33 http fetch GET 200 https://registry.npmjs.org/commander 242ms (cache miss)
34 silly packumentCache full:https://registry.npmjs.org/commander set size:undefined disposed:false
35 silly fetch manifest wasm-feature-detect@^1.8.0
36 silly packumentCache full:https://registry.npmjs.org/wasm-feature-detect cache-miss
37 http fetch GET 200 https://registry.npmjs.org/wasm-feature-detect 191ms (cache miss)
38 silly packumentCache full:https://registry.npmjs.org/wasm-feature-detect set size:undefined disposed:false
39 http fetch GET 200 https://registry.npmjs.org/node-tkms 906ms (cache miss)
40 silly packumentCache full:https://registry.npmjs.org/node-tkms set size:undefined disposed:false
41 http fetch GET 200 https://registry.npmjs.org/tkms 931ms (cache miss)
42 silly packumentCache full:https://registry.npmjs.org/tkms set size:undefined disposed:false
43 http fetch GET 200 https://registry.npmjs.org/keccak 932ms (cache miss)
44 silly packumentCache full:https://registry.npmjs.org/keccak set size:undefined disposed:false
45 http fetch GET 200 https://registry.npmjs.org/fetch-retry 934ms (cache miss)
46 silly packumentCache full:https://registry.npmjs.org/fetch-retry set size:undefined disposed:false
47 http fetch GET 200 https://registry.npmjs.org/node-tfhe 934ms (cache miss)
48 silly packumentCache full:https://registry.npmjs.org/node-tfhe set size:undefined disposed:false
49 http fetch GET 200 https://registry.npmjs.org/tfhe 936ms (cache miss)
50 silly packumentCache full:https://registry.npmjs.org/tfhe set size:undefined disposed:false
51 silly placeDep node_modules/@zama-fhe/relayer-sdk commander@14.0.2 OK for: @zama-fhe/relayer-sdk@0.3.0-5 want: ^14.0.0
52 silly placeDep ROOT fetch-retry@6.0.0 OK for: @zama-fhe/relayer-sdk@0.3.0-5 want: ^6.0.0
53 silly placeDep ROOT keccak@3.0.4 OK for: @zama-fhe/relayer-sdk@0.3.0-5 want: ^3.0.4
54 silly placeDep ROOT node-tfhe@1.4.0-alpha.3 OK for: @zama-fhe/relayer-sdk@0.3.0-5 want: 1.4.0-alpha.3
55 silly placeDep ROOT node-tkms@0.12.4 OK for: @zama-fhe/relayer-sdk@0.3.0-5 want: ^0.12.0
56 silly placeDep ROOT tfhe@1.4.0-alpha.3 OK for: @zama-fhe/relayer-sdk@0.3.0-5 want: 1.4.0-alpha.3
57 silly placeDep ROOT tkms@0.12.4 OK for: @zama-fhe/relayer-sdk@0.3.0-5 want: ^0.12.0
58 silly placeDep ROOT wasm-feature-detect@1.8.0 OK for: @zama-fhe/relayer-sdk@0.3.0-5 want: ^1.8.0
59 silly fetch manifest node-addon-api@^2.0.0
60 silly packumentCache full:https://registry.npmjs.org/node-addon-api cache-miss
61 silly fetch manifest node-gyp-build@^4.2.0
62 silly packumentCache full:https://registry.npmjs.org/node-gyp-build cache-miss
63 silly fetch manifest readable-stream@^3.6.0
64 silly packumentCache full:https://registry.npmjs.org/readable-stream cache-miss
65 http fetch GET 200 https://registry.npmjs.org/node-gyp-build 215ms (cache miss)
66 silly packumentCache full:https://registry.npmjs.org/node-gyp-build set size:undefined disposed:false
67 http fetch GET 200 https://registry.npmjs.org/node-addon-api 354ms (cache miss)
68 silly packumentCache full:https://registry.npmjs.org/node-addon-api set size:undefined disposed:false
69 http fetch GET 200 https://registry.npmjs.org/readable-stream 356ms (cache miss)
70 silly packumentCache full:https://registry.npmjs.org/readable-stream set size:undefined disposed:false
71 silly placeDep ROOT node-addon-api@2.0.2 OK for: keccak@3.0.4 want: ^2.0.0
72 silly placeDep ROOT node-gyp-build@4.8.4 OK for: keccak@3.0.4 want: ^4.2.0
73 silly placeDep ROOT readable-stream@3.6.2 OK for: keccak@3.0.4 want: ^3.6.0
74 silly fetch manifest inherits@^2.0.3
75 silly packumentCache full:https://registry.npmjs.org/inherits cache-miss
76 silly fetch manifest string_decoder@^1.1.1
77 silly packumentCache full:https://registry.npmjs.org/string_decoder cache-miss
78 http fetch GET 200 https://registry.npmjs.org/inherits 220ms (cache miss)
79 silly packumentCache full:https://registry.npmjs.org/inherits set size:undefined disposed:false
80 http fetch GET 200 https://registry.npmjs.org/string_decoder 251ms (cache miss)
81 silly packumentCache full:https://registry.npmjs.org/string_decoder set size:undefined disposed:false
82 silly placeDep ROOT inherits@2.0.4 OK for: readable-stream@3.6.2 want: ^2.0.3
83 silly placeDep ROOT string_decoder@1.3.0 OK for: readable-stream@3.6.2 want: ^1.1.1
84 silly fetch manifest safe-buffer@~5.2.0
85 silly packumentCache full:https://registry.npmjs.org/safe-buffer cache-miss
86 http fetch GET 200 https://registry.npmjs.org/safe-buffer 208ms (cache miss)
87 silly packumentCache full:https://registry.npmjs.org/safe-buffer set size:undefined disposed:false
88 silly placeDep ROOT safe-buffer@5.2.1 OK for: string_decoder@1.3.0 want: ~5.2.0
89 silly reify moves {}
90 silly audit bulk request {
90 silly audit   '@adraffy/ens-normalize': [ '1.10.1' ],
90 silly audit   '@alloc/quick-lru': [ '5.2.0' ],
90 silly audit   '@babel/code-frame': [ '7.27.1' ],
90 silly audit   '@babel/compat-data': [ '7.28.5' ],
90 silly audit   '@babel/core': [ '7.28.5' ],
90 silly audit   '@babel/generator': [ '7.28.5' ],
90 silly audit   '@babel/helper-compilation-targets': [ '7.27.2' ],
90 silly audit   '@babel/helper-globals': [ '7.28.0' ],
90 silly audit   '@babel/helper-module-imports': [ '7.27.1' ],
90 silly audit   '@babel/helper-module-transforms': [ '7.28.3' ],
90 silly audit   '@babel/helper-plugin-utils': [ '7.27.1' ],
90 silly audit   '@babel/helper-string-parser': [ '7.27.1' ],
90 silly audit   '@babel/helper-validator-identifier': [ '7.28.5' ],
90 silly audit   '@babel/helper-validator-option': [ '7.27.1' ],
90 silly audit   '@babel/helpers': [ '7.28.4' ],
90 silly audit   '@babel/parser': [ '7.28.5' ],
90 silly audit   '@babel/plugin-transform-react-jsx-self': [ '7.27.1' ],
90 silly audit   '@babel/plugin-transform-react-jsx-source': [ '7.27.1' ],
90 silly audit   '@babel/template': [ '7.27.2' ],
90 silly audit   '@babel/traverse': [ '7.28.5' ],
90 silly audit   '@babel/types': [ '7.28.5' ],
90 silly audit   '@esbuild/aix-ppc64': [ '0.21.5' ],
90 silly audit   '@esbuild/android-arm': [ '0.21.5' ],
90 silly audit   '@esbuild/android-arm64': [ '0.21.5' ],
90 silly audit   '@esbuild/android-x64': [ '0.21.5' ],
90 silly audit   '@esbuild/darwin-arm64': [ '0.21.5' ],
90 silly audit   '@esbuild/darwin-x64': [ '0.21.5' ],
90 silly audit   '@esbuild/freebsd-arm64': [ '0.21.5' ],
90 silly audit   '@esbuild/freebsd-x64': [ '0.21.5' ],
90 silly audit   '@esbuild/linux-arm': [ '0.21.5' ],
90 silly audit   '@esbuild/linux-arm64': [ '0.21.5' ],
90 silly audit   '@esbuild/linux-ia32': [ '0.21.5' ],
90 silly audit   '@esbuild/linux-loong64': [ '0.21.5' ],
90 silly audit   '@esbuild/linux-mips64el': [ '0.21.5' ],
90 silly audit   '@esbuild/linux-ppc64': [ '0.21.5' ],
90 silly audit   '@esbuild/linux-riscv64': [ '0.21.5' ],
90 silly audit   '@esbuild/linux-s390x': [ '0.21.5' ],
90 silly audit   '@esbuild/linux-x64': [ '0.21.5' ],
90 silly audit   '@esbuild/netbsd-x64': [ '0.21.5' ],
90 silly audit   '@esbuild/openbsd-x64': [ '0.21.5' ],
90 silly audit   '@esbuild/sunos-x64': [ '0.21.5' ],
90 silly audit   '@esbuild/win32-arm64': [ '0.21.5' ],
90 silly audit   '@esbuild/win32-ia32': [ '0.21.5' ],
90 silly audit   '@esbuild/win32-x64': [ '0.21.5' ],
90 silly audit   '@eslint-community/eslint-utils': [ '4.9.0' ],
90 silly audit   'eslint-visitor-keys': [ '3.4.3', '4.2.1' ],
90 silly audit   '@eslint-community/regexpp': [ '4.12.2' ],
90 silly audit   '@eslint/config-array': [ '0.21.1' ],
90 silly audit   '@eslint/config-helpers': [ '0.4.2' ],
90 silly audit   '@eslint/core': [ '0.17.0' ],
90 silly audit   '@eslint/eslintrc': [ '3.3.1' ],
90 silly audit   '@eslint/js': [ '9.39.1' ],
90 silly audit   '@eslint/object-schema': [ '2.1.7' ],
90 silly audit   '@eslint/plugin-kit': [ '0.4.1' ],
90 silly audit   '@humanfs/core': [ '0.19.1' ],
90 silly audit   '@humanfs/node': [ '0.16.7' ],
90 silly audit   '@humanwhocodes/module-importer': [ '1.0.1' ],
90 silly audit   '@humanwhocodes/retry': [ '0.4.3' ],
90 silly audit   '@isaacs/cliui': [ '8.0.2' ],
90 silly audit   '@jridgewell/gen-mapping': [ '0.3.13' ],
90 silly audit   '@jridgewell/remapping': [ '2.3.5' ],
90 silly audit   '@jridgewell/resolve-uri': [ '3.1.2' ],
90 silly audit   '@jridgewell/sourcemap-codec': [ '1.5.5' ],
90 silly audit   '@jridgewell/trace-mapping': [ '0.3.31' ],
90 silly audit   '@noble/curves': [ '1.2.0' ],
90 silly audit   '@noble/hashes': [ '1.3.2' ],
90 silly audit   '@nodelib/fs.scandir': [ '2.1.5' ],
90 silly audit   '@nodelib/fs.stat': [ '2.0.5' ],
90 silly audit   '@nodelib/fs.walk': [ '1.2.8' ],
90 silly audit   '@pkgjs/parseargs': [ '0.11.0' ],
90 silly audit   '@remix-run/router': [ '1.23.1' ],
90 silly audit   '@rolldown/pluginutils': [ '1.0.0-beta.27' ],
90 silly audit   '@rollup/rollup-android-arm-eabi': [ '4.53.3' ],
90 silly audit   '@rollup/rollup-android-arm64': [ '4.53.3' ],
90 silly audit   '@rollup/rollup-darwin-arm64': [ '4.53.3' ],
90 silly audit   '@rollup/rollup-darwin-x64': [ '4.53.3' ],
90 silly audit   '@rollup/rollup-freebsd-arm64': [ '4.53.3' ],
90 silly audit   '@rollup/rollup-freebsd-x64': [ '4.53.3' ],
90 silly audit   '@rollup/rollup-linux-arm-gnueabihf': [ '4.53.3' ],
90 silly audit   '@rollup/rollup-linux-arm-musleabihf': [ '4.53.3' ],
90 silly audit   '@rollup/rollup-linux-arm64-gnu': [ '4.53.3' ],
90 silly audit   '@rollup/rollup-linux-arm64-musl': [ '4.53.3' ],
90 silly audit   '@rollup/rollup-linux-loong64-gnu': [ '4.53.3' ],
90 silly audit   '@rollup/rollup-linux-ppc64-gnu': [ '4.53.3' ],
90 silly audit   '@rollup/rollup-linux-riscv64-gnu': [ '4.53.3' ],
90 silly audit   '@rollup/rollup-linux-riscv64-musl': [ '4.53.3' ],
90 silly audit   '@rollup/rollup-linux-s390x-gnu': [ '4.53.3' ],
90 silly audit   '@rollup/rollup-linux-x64-gnu': [ '4.53.3' ],
90 silly audit   '@rollup/rollup-linux-x64-musl': [ '4.53.3' ],
90 silly audit   '@rollup/rollup-openharmony-arm64': [ '4.53.3' ],
90 silly audit   '@rollup/rollup-win32-arm64-msvc': [ '4.53.3' ],
90 silly audit   '@rollup/rollup-win32-ia32-msvc': [ '4.53.3' ],
90 silly audit   '@rollup/rollup-win32-x64-gnu': [ '4.53.3' ],
90 silly audit   '@rollup/rollup-win32-x64-msvc': [ '4.53.3' ],
90 silly audit   '@types/babel__core': [ '7.20.5' ],
90 silly audit   '@types/babel__generator': [ '7.27.0' ],
90 silly audit   '@types/babel__template': [ '7.4.4' ],
90 silly audit   '@types/babel__traverse': [ '7.28.0' ],
90 silly audit   '@types/estree': [ '1.0.8' ],
90 silly audit   '@types/json-schema': [ '7.0.15' ],
90 silly audit   '@types/node': [ '22.7.5' ],
90 silly audit   '@types/prop-types': [ '15.7.15' ],
90 silly audit   '@types/react': [ '18.3.27' ],
90 silly audit   '@types/react-dom': [ '18.3.7' ],
90 silly audit   '@typescript-eslint/eslint-plugin': [ '8.47.0' ],
90 silly audit   ignore: [ '7.0.5', '5.3.2' ],
90 silly audit   '@typescript-eslint/parser': [ '8.47.0' ],
90 silly audit   '@typescript-eslint/project-service': [ '8.47.0' ],
90 silly audit   '@typescript-eslint/scope-manager': [ '8.47.0' ],
90 silly audit   '@typescript-eslint/tsconfig-utils': [ '8.47.0' ],
90 silly audit   '@typescript-eslint/type-utils': [ '8.47.0' ],
90 silly audit   '@typescript-eslint/types': [ '8.47.0' ],
90 silly audit   '@typescript-eslint/typescript-estree': [ '8.47.0' ],
90 silly audit   'brace-expansion': [ '2.0.2', '1.1.12' ],
90 silly audit   minimatch: [ '9.0.5', '3.1.2' ],
90 silly audit   semver: [ '7.7.3', '6.3.1' ],
90 silly audit   '@typescript-eslint/utils': [ '8.47.0' ],
90 silly audit   '@typescript-eslint/visitor-keys': [ '8.47.0' ],
90 silly audit   '@vitejs/plugin-react': [ '4.7.0' ],
90 silly audit   acorn: [ '8.15.0' ],
90 silly audit   'acorn-jsx': [ '5.3.2' ],
90 silly audit   'aes-js': [ '4.0.0-beta.5' ],
90 silly audit   ajv: [ '6.12.6' ],
90 silly audit   'ansi-regex': [ '6.2.2', '5.0.1' ],
90 silly audit   'ansi-styles': [ '4.3.0', '6.2.3' ],
90 silly audit   'any-promise': [ '1.3.0' ],
90 silly audit   anymatch: [ '3.1.3' ],
90 silly audit   arg: [ '5.0.2' ],
90 silly audit   argparse: [ '2.0.1' ],
90 silly audit   autoprefixer: [ '10.4.22' ],
90 silly audit   'balanced-match': [ '1.0.2' ],
90 silly audit   'baseline-browser-mapping': [ '2.8.29' ],
90 silly audit   'binary-extensions': [ '2.3.0' ],
90 silly audit   braces: [ '3.0.3' ],
90 silly audit   browserslist: [ '4.28.0' ],
90 silly audit   callsites: [ '3.1.0' ],
90 silly audit   'camelcase-css': [ '2.0.1' ],
90 silly audit   'caniuse-lite': [ '1.0.30001756' ],
90 silly audit   chalk: [ '4.1.2' ],
90 silly audit   chokidar: [ '3.6.0' ],
90 silly audit   'glob-parent': [ '5.1.2', '6.0.2' ],
90 silly audit   'color-convert': [ '2.0.1' ],
90 silly audit   'color-name': [ '1.1.4' ],
90 silly audit   commander: [ '4.1.1', '14.0.2' ],
90 silly audit   'concat-map': [ '0.0.1' ],
90 silly audit   'convert-source-map': [ '2.0.0' ],
90 silly audit   'cross-spawn': [ '7.0.6' ],
90 silly audit   cssesc: [ '3.0.0' ],
90 silly audit   csstype: [ '3.2.3' ],
90 silly audit   debug: [ '4.4.3' ],
90 silly audit   'deep-is': [ '0.1.4' ],
90 silly audit   didyoumean: [ '1.2.2' ],
90 silly audit   dlv: [ '1.1.3' ],
90 silly audit   eastasianwidth: [ '0.2.0' ],
90 silly audit   'electron-to-chromium': [ '1.5.256' ],
90 silly audit   'emoji-regex': [ '9.2.2', '8.0.0' ],
90 silly audit   esbuild: [ '0.21.5' ],
90 silly audit   escalade: [ '3.2.0' ],
90 silly audit   'escape-string-regexp': [ '4.0.0' ],
90 silly audit   eslint: [ '9.39.1' ],
90 silly audit   'eslint-plugin-react-hooks': [ '5.2.0' ],
90 silly audit   'eslint-plugin-react-refresh': [ '0.4.24' ],
90 silly audit   'eslint-scope': [ '8.4.0' ],
90 silly audit   espree: [ '10.4.0' ],
90 silly audit   esquery: [ '1.6.0' ],
90 silly audit   esrecurse: [ '4.3.0' ],
90 silly audit   estraverse: [ '5.3.0' ],
90 silly audit   esutils: [ '2.0.3' ],
90 silly audit   ethers: [ '6.15.0' ],
90 silly audit   'fast-deep-equal': [ '3.1.3' ],
90 silly audit   'fast-glob': [ '3.3.3' ],
90 silly audit   'fast-json-stable-stringify': [ '2.1.0' ],
90 silly audit   'fast-levenshtein': [ '2.0.6' ],
90 silly audit   fastq: [ '1.19.1' ],
90 silly audit   'file-entry-cache': [ '8.0.0' ],
90 silly audit   'fill-range': [ '7.1.1' ],
90 silly audit   'find-up': [ '5.0.0' ],
90 silly audit   'flat-cache': [ '4.0.1' ],
90 silly audit   flatted: [ '3.3.3' ],
90 silly audit   'foreground-child': [ '3.3.1' ],
90 silly audit   'fraction.js': [ '5.3.4' ],
90 silly audit   fsevents: [ '2.3.3' ],
90 silly audit   'function-bind': [ '1.1.2' ],
90 silly audit   gensync: [ '1.0.0-beta.2' ],
90 silly audit   glob: [ '10.5.0' ],
90 silly audit   globals: [ '14.0.0' ],
90 silly audit   graphemer: [ '1.4.0' ],
90 silly audit   'has-flag': [ '4.0.0' ],
90 silly audit   hasown: [ '2.0.2' ],
90 silly audit   'import-fresh': [ '3.3.1' ],
90 silly audit   imurmurhash: [ '0.1.4' ],
90 silly audit   'is-binary-path': [ '2.1.0' ],
90 silly audit   'is-core-module': [ '2.16.1' ],
90 silly audit   'is-extglob': [ '2.1.1' ],
90 silly audit   'is-fullwidth-code-point': [ '3.0.0' ],
90 silly audit   'is-glob': [ '4.0.3' ],
90 silly audit   'is-number': [ '7.0.0' ],
90 silly audit   isexe: [ '2.0.0' ],
90 silly audit   jackspeak: [ '3.4.3' ],
90 silly audit   jiti: [ '1.21.7' ],
90 silly audit   'js-tokens': [ '4.0.0' ],
90 silly audit   'js-yaml': [ '4.1.1' ],
90 silly audit   jsesc: [ '3.1.0' ],
90 silly audit   'json-buffer': [ '3.0.1' ],
90 silly audit   'json-schema-traverse': [ '0.4.1' ],
90 silly audit   'json-stable-stringify-without-jsonify': [ '1.0.1' ],
90 silly audit   json5: [ '2.2.3' ],
90 silly audit   keyv: [ '4.5.4' ],
90 silly audit   levn: [ '0.4.1' ],
90 silly audit   lilconfig: [ '3.1.3' ],
90 silly audit   'lines-and-columns': [ '1.2.4' ],
90 silly audit   'locate-path': [ '6.0.0' ],
90 silly audit   'lodash.merge': [ '4.6.2' ],
90 silly audit   'loose-envify': [ '1.4.0' ],
90 silly audit   'lru-cache': [ '5.1.1', '10.4.3' ],
90 silly audit   merge2: [ '1.4.1' ],
90 silly audit   micromatch: [ '4.0.8' ],
90 silly audit   minipass: [ '7.1.2' ],
90 silly audit   ms: [ '2.1.3' ],
90 silly audit   mz: [ '2.7.0' ],
90 silly audit   nanoid: [ '3.3.11' ],
90 silly audit   'natural-compare': [ '1.4.0' ],
90 silly audit   'node-releases': [ '2.0.27' ],
90 silly audit   'normalize-path': [ '3.0.0' ],
90 silly audit   'normalize-range': [ '0.1.2' ],
90 silly audit   'object-assign': [ '4.1.1' ],
90 silly audit   'object-hash': [ '3.0.0' ],
90 silly audit   optionator: [ '0.9.4' ],
90 silly audit   'p-limit': [ '3.1.0' ],
90 silly audit   'p-locate': [ '5.0.0' ],
90 silly audit   'package-json-from-dist': [ '1.0.1' ],
90 silly audit   'parent-module': [ '1.0.1' ],
90 silly audit   'path-exists': [ '4.0.0' ],
90 silly audit   'path-key': [ '3.1.1' ],
90 silly audit   'path-parse': [ '1.0.7' ],
90 silly audit   'path-scurry': [ '1.11.1' ],
90 silly audit   picocolors: [ '1.1.1' ],
90 silly audit   picomatch: [ '2.3.1' ],
90 silly audit   pify: [ '2.3.0' ],
90 silly audit   pirates: [ '4.0.7' ],
90 silly audit   postcss: [ '8.5.6' ],
90 silly audit   'postcss-import': [ '15.1.0' ],
90 silly audit   'postcss-js': [ '4.1.0' ],
90 silly audit   'postcss-load-config': [ '6.0.1' ],
90 silly audit   'postcss-nested': [ '6.2.0' ],
90 silly audit   'postcss-selector-parser': [ '6.1.2' ],
90 silly audit   'postcss-value-parser': [ '4.2.0' ],
90 silly audit   'prelude-ls': [ '1.2.1' ],
90 silly audit   punycode: [ '2.3.1' ],
90 silly audit   'queue-microtask': [ '1.2.3' ],
90 silly audit   react: [ '18.3.1' ],
90 silly audit   'react-dom': [ '18.3.1' ],
90 silly audit   'react-refresh': [ '0.17.0' ],
90 silly audit   'react-router': [ '6.30.2' ],
90 silly audit   'react-router-dom': [ '6.30.2' ],
90 silly audit   'read-cache': [ '1.0.0' ],
90 silly audit   readdirp: [ '3.6.0' ],
90 silly audit   resolve: [ '1.22.11' ],
90 silly audit   'resolve-from': [ '4.0.0' ],
90 silly audit   reusify: [ '1.1.0' ],
90 silly audit   rollup: [ '4.53.3' ],
90 silly audit   'run-parallel': [ '1.2.0' ],
90 silly audit   scheduler: [ '0.23.2' ],
90 silly audit   'shebang-command': [ '2.0.0' ],
90 silly audit   'shebang-regex': [ '3.0.0' ],
90 silly audit   'signal-exit': [ '4.1.0' ],
90 silly audit   'source-map-js': [ '1.2.1' ],
90 silly audit   'string-width': [ '5.1.2', '4.2.3' ],
90 silly audit   'strip-ansi': [ '6.0.1', '7.1.2' ],
90 silly audit   'strip-json-comments': [ '3.1.1' ],
90 silly audit   sucrase: [ '3.35.0' ],
90 silly audit   'supports-color': [ '7.2.0' ],
90 silly audit   'supports-preserve-symlinks-flag': [ '1.0.0' ],
90 silly audit   tailwindcss: [ '3.4.18' ],
90 silly audit   thenify: [ '3.3.1' ],
90 silly audit   'thenify-all': [ '1.6.0' ],
90 silly audit   'to-regex-range': [ '5.0.1' ],
90 silly audit   'ts-api-utils': [ '2.1.0' ],
90 silly audit   'ts-interface-checker': [ '0.1.13' ],
90 silly audit   tslib: [ '2.7.0' ],
90 silly audit   'type-check': [ '0.4.0' ],
90 silly audit   typescript: [ '5.9.3' ],
90 silly audit   'typescript-eslint': [ '8.47.0' ],
90 silly audit   'undici-types': [ '6.19.8' ],
90 silly audit   'update-browserslist-db': [ '1.1.4' ],
90 silly audit   'uri-js': [ '4.4.1' ],
90 silly audit   'util-deprecate': [ '1.0.2' ],
90 silly audit   vite: [ '5.4.21' ],
90 silly audit   which: [ '2.0.2' ],
90 silly audit   'word-wrap': [ '1.2.5' ],
90 silly audit   'wrap-ansi': [ '8.1.0', '7.0.0' ],
90 silly audit   ws: [ '8.17.1' ],
90 silly audit   yallist: [ '3.1.1' ],
90 silly audit   'yocto-queue': [ '0.1.0' ],
90 silly audit   zod: [ '3.25.76' ],
90 silly audit   '@zama-fhe/relayer-sdk': [ '0.3.0-5' ],
90 silly audit   'fetch-retry': [ '6.0.0' ],
90 silly audit   keccak: [ '3.0.4' ],
90 silly audit   'node-tfhe': [ '1.4.0-alpha.3' ],
90 silly audit   'node-tkms': [ '0.12.4' ],
90 silly audit   tfhe: [ '1.4.0-alpha.3' ],
90 silly audit   tkms: [ '0.12.4' ],
90 silly audit   'wasm-feature-detect': [ '1.8.0' ],
90 silly audit   'node-addon-api': [ '2.0.2' ],
90 silly audit   'node-gyp-build': [ '4.8.4' ],
90 silly audit   'readable-stream': [ '3.6.2' ],
90 silly audit   inherits: [ '2.0.4' ],
90 silly audit   string_decoder: [ '1.3.0' ],
90 silly audit   'safe-buffer': [ '5.2.1' ]
90 silly audit }
91 http cache safe-buffer@https://registry.npmjs.org/safe-buffer/-/safe-buffer-5.2.1.tgz 0ms (cache hit)
92 http cache string_decoder@https://registry.npmjs.org/string_decoder/-/string_decoder-1.3.0.tgz 0ms (cache hit)
93 http cache node-gyp-build@https://registry.npmjs.org/node-gyp-build/-/node-gyp-build-4.8.4.tgz 0ms (cache hit)
94 http cache inherits@https://registry.npmjs.org/inherits/-/inherits-2.0.4.tgz 0ms (cache hit)
95 http cache node-addon-api@https://registry.npmjs.org/node-addon-api/-/node-addon-api-2.0.2.tgz 0ms (cache hit)
96 http cache wasm-feature-detect@https://registry.npmjs.org/wasm-feature-detect/-/wasm-feature-detect-1.8.0.tgz 0ms (cache hit)
97 http cache readable-stream@https://registry.npmjs.org/readable-stream/-/readable-stream-3.6.2.tgz 0ms (cache hit)
98 http cache tkms@https://registry.npmjs.org/tkms/-/tkms-0.12.4.tgz 0ms (cache hit)
99 http cache node-tkms@https://registry.npmjs.org/node-tkms/-/node-tkms-0.12.4.tgz 0ms (cache hit)
100 http cache node-tfhe@https://registry.npmjs.org/node-tfhe/-/node-tfhe-1.4.0-alpha.3.tgz 0ms (cache hit)
101 http cache keccak@https://registry.npmjs.org/keccak/-/keccak-3.0.4.tgz 0ms (cache hit)
102 http cache fetch-retry@https://registry.npmjs.org/fetch-retry/-/fetch-retry-6.0.0.tgz 0ms (cache hit)
103 http cache @zama-fhe/relayer-sdk@https://registry.npmjs.org/@zama-fhe/relayer-sdk/-/relayer-sdk-0.3.0-5.tgz 0ms (cache hit)
104 http cache tfhe@https://registry.npmjs.org/tfhe/-/tfhe-1.4.0-alpha.3.tgz 0ms (cache hit)
105 http cache commander@https://registry.npmjs.org/commander/-/commander-14.0.2.tgz 0ms (cache hit)
106 silly tarball no local data for safe-buffer@https://registry.npmjs.org/safe-buffer/-/safe-buffer-5.2.1.tgz. Extracting by manifest.
107 silly tarball no local data for string_decoder@https://registry.npmjs.org/string_decoder/-/string_decoder-1.3.0.tgz. Extracting by manifest.
108 silly tarball no local data for node-gyp-build@https://registry.npmjs.org/node-gyp-build/-/node-gyp-build-4.8.4.tgz. Extracting by manifest.
109 silly tarball no local data for inherits@https://registry.npmjs.org/inherits/-/inherits-2.0.4.tgz. Extracting by manifest.
110 silly tarball no local data for node-addon-api@https://registry.npmjs.org/node-addon-api/-/node-addon-api-2.0.2.tgz. Extracting by manifest.
111 silly tarball no local data for wasm-feature-detect@https://registry.npmjs.org/wasm-feature-detect/-/wasm-feature-detect-1.8.0.tgz. Extracting by manifest.
112 silly tarball no local data for readable-stream@https://registry.npmjs.org/readable-stream/-/readable-stream-3.6.2.tgz. Extracting by manifest.
113 silly tarball no local data for tkms@https://registry.npmjs.org/tkms/-/tkms-0.12.4.tgz. Extracting by manifest.
114 silly tarball no local data for node-tkms@https://registry.npmjs.org/node-tkms/-/node-tkms-0.12.4.tgz. Extracting by manifest.
115 silly tarball no local data for node-tfhe@https://registry.npmjs.org/node-tfhe/-/node-tfhe-1.4.0-alpha.3.tgz. Extracting by manifest.
116 silly tarball no local data for keccak@https://registry.npmjs.org/keccak/-/keccak-3.0.4.tgz. Extracting by manifest.
117 silly tarball no local data for fetch-retry@https://registry.npmjs.org/fetch-retry/-/fetch-retry-6.0.0.tgz. Extracting by manifest.
118 silly tarball no local data for @zama-fhe/relayer-sdk@https://registry.npmjs.org/@zama-fhe/relayer-sdk/-/relayer-sdk-0.3.0-5.tgz. Extracting by manifest.
119 silly tarball no local data for tfhe@https://registry.npmjs.org/tfhe/-/tfhe-1.4.0-alpha.3.tgz. Extracting by manifest.
120 silly tarball no local data for commander@https://registry.npmjs.org/commander/-/commander-14.0.2.tgz. Extracting by manifest.
121 http fetch GET 200 https://registry.npmjs.org/inherits/-/inherits-2.0.4.tgz 263ms (cache miss)
122 http fetch GET 200 https://registry.npmjs.org/safe-buffer/-/safe-buffer-5.2.1.tgz 282ms (cache miss)
123 http fetch GET 200 https://registry.npmjs.org/node-gyp-build/-/node-gyp-build-4.8.4.tgz 283ms (cache miss)
124 http fetch GET 200 https://registry.npmjs.org/wasm-feature-detect/-/wasm-feature-detect-1.8.0.tgz 286ms (cache miss)
125 http fetch GET 200 https://registry.npmjs.org/string_decoder/-/string_decoder-1.3.0.tgz 310ms (cache miss)
126 http fetch POST 200 https://registry.npmjs.org/-/npm/v1/security/advisories/bulk 430ms
127 silly audit report {
127 silly audit report   esbuild: [
127 silly audit report     {
127 silly audit report       id: 1102341,
127 silly audit report       url: 'https://github.com/advisories/GHSA-67mh-4wv8-2f99',
127 silly audit report       title: 'esbuild enables any website to send any requests to the development server and read the response',
127 silly audit report       severity: 'moderate',
127 silly audit report       vulnerable_versions: '<=0.24.2',
127 silly audit report       cwe: [Array],
127 silly audit report       cvss: [Object]
127 silly audit report     }
127 silly audit report   ]
127 silly audit report }
128 silly packumentCache corgi:https://registry.npmjs.org/esbuild cache-miss
129 http fetch GET 200 https://registry.npmjs.org/commander/-/commander-14.0.2.tgz 475ms (cache miss)
130 http fetch GET 200 https://registry.npmjs.org/node-addon-api/-/node-addon-api-2.0.2.tgz 505ms (cache miss)
131 http fetch GET 200 https://registry.npmjs.org/fetch-retry/-/fetch-retry-6.0.0.tgz 992ms (cache miss)
132 http fetch GET 200 https://registry.npmjs.org/readable-stream/-/readable-stream-3.6.2.tgz 992ms (cache miss)
133 http fetch GET 200 https://registry.npmjs.org/esbuild 574ms (cache miss)
134 silly packumentCache corgi:https://registry.npmjs.org/esbuild set size:undefined disposed:false
135 silly packumentCache corgi:https://registry.npmjs.org/vite cache-miss
136 http fetch GET 200 https://registry.npmjs.org/tkms/-/tkms-0.12.4.tgz 1256ms (cache miss)
137 http fetch GET 200 https://registry.npmjs.org/node-tkms/-/node-tkms-0.12.4.tgz 1275ms (cache miss)
138 http fetch GET 200 https://registry.npmjs.org/keccak/-/keccak-3.0.4.tgz 1437ms (cache miss)
139 http fetch GET 200 https://registry.npmjs.org/vite 460ms (cache miss)
140 silly packumentCache corgi:https://registry.npmjs.org/vite set size:undefined disposed:false
141 silly packumentCache corgi:https://registry.npmjs.org/@vitejs%2fplugin-react cache-miss
142 http fetch GET 200 https://registry.npmjs.org/tfhe/-/tfhe-1.4.0-alpha.3.tgz 1729ms (cache miss)
143 http fetch GET 200 https://registry.npmjs.org/@vitejs%2fplugin-react 240ms (cache miss)
144 silly packumentCache corgi:https://registry.npmjs.org/@vitejs%2fplugin-react set size:undefined disposed:false
145 http fetch GET 200 https://registry.npmjs.org/node-tfhe/-/node-tfhe-1.4.0-alpha.3.tgz 2069ms (cache miss)
146 http fetch GET 200 https://registry.npmjs.org/@zama-fhe/relayer-sdk/-/relayer-sdk-0.3.0-5.tgz 2386ms (cache miss)
147 info run keccak@3.0.4 install node_modules/keccak node-gyp-build || exit 0
148 info run keccak@3.0.4 install { code: 0, signal: null }
149 silly ADD node_modules/safe-buffer
150 silly ADD node_modules/string_decoder
151 silly ADD node_modules/inherits
152 silly ADD node_modules/readable-stream
153 silly ADD node_modules/node-gyp-build
154 silly ADD node_modules/node-addon-api
155 silly ADD node_modules/wasm-feature-detect
156 silly ADD node_modules/tkms
157 silly ADD node_modules/tfhe
158 silly ADD node_modules/node-tkms
159 silly ADD node_modules/node-tfhe
160 silly ADD node_modules/keccak
161 silly ADD node_modules/fetch-retry
162 silly ADD node_modules/@zama-fhe/relayer-sdk
163 silly ADD node_modules/@zama-fhe/relayer-sdk/node_modules/commander
164 verbose cwd /Users/id31500/Development/CryptoProjects/GhostBidFHE/ghostbid/frontend
165 verbose os Darwin 25.0.0
166 verbose node v24.4.1
167 verbose npm  v11.4.2
168 verbose exit 0
169 info ok
